30-Aug-2023 00:00:23.516 INFO [Thread-1] org.apache.coyote.AbstractProtocol.pause Pausing ProtocolHandler ["http-nio-8080"]
30-Aug-2023 00:00:23.520 INFO [Thread-1] org.apache.catalina.core.StandardService.stopInternal Stopping service [Catalina]
30-Aug-2023 00:00:23.538 INFO [Thread-1] com.sun.xml.ws.transport.http.servlet.WSServletDelegate.destroy WSSERVLET15: JAX-WS servlet destroyed
30-Aug-2023 00:00:23.567 INFO [Thread-1] com.sun.xml.ws.transport.http.servlet.WSServletContextListener.contextDestroyed WSSERVLET13: JAX-WS context listener destroyed
30-Aug-2023 00:00:23.567 INFO [Thread-1] com.sun.xml.ws.transport.http.servlet.WSServletContextListener.contextDestroyed WSSERVLET13: JAX-WS context listener destroyed
30-Aug-2023 00:00:23.570 WARNING [Thread-1] org.apache.catalina.loader.WebappClassLoaderBase.clearReferencesJdbc The web application [book-store] registered the JDBC driver [com.mysql.cj.jdbc.Driver] but failed to unregister it when the web application was stopped. To prevent a memory leak, the JDBC Driver has been forcibly unregistered.
30-Aug-2023 00:00:23.571 WARNING [Thread-1] org.apache.catalina.loader.WebappClassLoaderBase.clearReferencesThreads The web application [book-store] appears to have started a thread named [mysql-cj-abandoned-connection-cleanup] but has failed to stop it. This is very likely to create a memory leak. Stack trace of thread:
 java.base@13.0.1/java.lang.Object.wait(Native Method)
 java.base@13.0.1/java.lang.ref.ReferenceQueue.remove(ReferenceQueue.java:155)
 com.mysql.cj.jdbc.AbandonedConnectionCleanupThread.run(AbandonedConnectionCleanupThread.java:91)
 java.base@13.0.1/java.util.concurrent.ThreadPoolExecutor.runWorker(ThreadPoolExecutor.java:1128)
 java.base@13.0.1/java.util.concurrent.ThreadPoolExecutor$Worker.run(ThreadPoolExecutor.java:628)
 java.base@13.0.1/java.lang.Thread.run(Thread.java:830)
30-Aug-2023 00:00:23.571 SEVERE [Thread-1] org.apache.catalina.loader.WebappClassLoaderBase.checkThreadLocalMapForLeaks The web application [book-store] created a ThreadLocal with key of type [com.sun.xml.ws.api.server.ThreadLocalContainerResolver$1] (value [com.sun.xml.ws.api.server.ThreadLocalContainerResolver$1@4387056e]) and a value of type [com.sun.xml.ws.api.server.Container.NoneContainer] (value [com.sun.xml.ws.api.server.Container$NoneContainer@3cbfa3cc]) but failed to remove it when the web application was stopped. Threads are going to be renewed over time to try and avoid a probable memory leak.
30-Aug-2023 00:00:23.573 SEVERE [Thread-1] org.apache.catalina.loader.WebappClassLoaderBase.checkThreadLocalMapForLeaks The web application [book-store] created a ThreadLocal with key of type [com.sun.xml.ws.api.server.ThreadLocalContainerResolver$1] (value [com.sun.xml.ws.api.server.ThreadLocalContainerResolver$1@4387056e]) and a value of type [com.sun.xml.ws.api.server.Container.NoneContainer] (value [com.sun.xml.ws.api.server.Container$NoneContainer@3cbfa3cc]) but failed to remove it when the web application was stopped. Threads are going to be renewed over time to try and avoid a probable memory leak.
30-Aug-2023 00:00:23.573 SEVERE [Thread-1] org.apache.catalina.loader.WebappClassLoaderBase.checkThreadLocalMapForLeaks The web application [book-store] created a ThreadLocal with key of type [com.sun.xml.ws.api.server.ThreadLocalContainerResolver$1] (value [com.sun.xml.ws.api.server.ThreadLocalContainerResolver$1@4387056e]) and a value of type [com.sun.xml.ws.api.server.Container.NoneContainer] (value [com.sun.xml.ws.api.server.Container$NoneContainer@3cbfa3cc]) but failed to remove it when the web application was stopped. Threads are going to be renewed over time to try and avoid a probable memory leak.
30-Aug-2023 00:00:23.573 SEVERE [Thread-1] org.apache.catalina.loader.WebappClassLoaderBase.checkThreadLocalMapForLeaks The web application [book-store] created a ThreadLocal with key of type [com.sun.xml.ws.api.server.ThreadLocalContainerResolver$1] (value [com.sun.xml.ws.api.server.ThreadLocalContainerResolver$1@4387056e]) and a value of type [com.sun.xml.ws.api.server.Container.NoneContainer] (value [com.sun.xml.ws.api.server.Container$NoneContainer@3cbfa3cc]) but failed to remove it when the web application was stopped. Threads are going to be renewed over time to try and avoid a probable memory leak.
30-Aug-2023 00:00:23.574 SEVERE [Thread-1] org.apache.catalina.loader.WebappClassLoaderBase.checkThreadLocalMapForLeaks The web application [book-store] created a ThreadLocal with key of type [com.sun.xml.ws.api.server.ThreadLocalContainerResolver$1] (value [com.sun.xml.ws.api.server.ThreadLocalContainerResolver$1@4387056e]) and a value of type [com.sun.xml.ws.api.server.Container.NoneContainer] (value [com.sun.xml.ws.api.server.Container$NoneContainer@3cbfa3cc]) but failed to remove it when the web application was stopped. Threads are going to be renewed over time to try and avoid a probable memory leak.
30-Aug-2023 00:00:23.595 INFO [Thread-1] org.apache.coyote.AbstractProtocol.stop Stopping ProtocolHandler ["http-nio-8080"]
30-Aug-2023 00:00:25.755 INFO [mysql-cj-abandoned-connection-cleanup] org.apache.catalina.loader.WebappClassLoaderBase.checkStateForResourceLoading Illegal access: this web application instance has been stopped already. Could not load []. The following stack trace is thrown for debugging purposes as well as to attempt to terminate the thread which caused the illegal access.
	java.lang.IllegalStateException: Illegal access: this web application instance has been stopped already. Could not load []. The following stack trace is thrown for debugging purposes as well as to attempt to terminate the thread which caused the illegal access.
		at org.apache.catalina.loader.WebappClassLoaderBase.checkStateForResourceLoading(WebappClassLoaderBase.java:1457)
		at org.apache.catalina.loader.WebappClassLoaderBase.getResource(WebappClassLoaderBase.java:1047)
		at com.mysql.cj.jdbc.AbandonedConnectionCleanupThread.checkThreadContextClassLoader(AbandonedConnectionCleanupThread.java:123)
		at com.mysql.cj.jdbc.AbandonedConnectionCleanupThread.run(AbandonedConnectionCleanupThread.java:90)
		at java.base/java.util.concurrent.ThreadPoolExecutor.runWorker(ThreadPoolExecutor.java:1128)
		at java.base/java.util.concurrent.ThreadPoolExecutor$Worker.run(ThreadPoolExecutor.java:628)
		at java.base/java.lang.Thread.run(Thread.java:830)
30-Aug-2023 13:41:39.127 INFO [main] org.apache.catalina.startup.VersionLoggerListener.log Server version name:   Apache Tomcat/10.1.12
30-Aug-2023 13:41:39.134 INFO [main] org.apache.catalina.startup.VersionLoggerListener.log Server built:          Aug 8 2023 19:16:13 UTC
30-Aug-2023 13:41:39.134 INFO [main] org.apache.catalina.startup.VersionLoggerListener.log Server version number: 10.1.12.0
30-Aug-2023 13:41:39.134 INFO [main] org.apache.catalina.startup.VersionLoggerListener.log OS Name:               Mac OS X
30-Aug-2023 13:41:39.134 INFO [main] org.apache.catalina.startup.VersionLoggerListener.log OS Version:            10.16
30-Aug-2023 13:41:39.135 INFO [main] org.apache.catalina.startup.VersionLoggerListener.log Architecture:          x86_64
30-Aug-2023 13:41:39.135 INFO [main] org.apache.catalina.startup.VersionLoggerListener.log Java Home:             /Library/Java/JavaVirtualMachines/jdk-13.0.1.jdk/Contents/Home
30-Aug-2023 13:41:39.135 INFO [main] org.apache.catalina.startup.VersionLoggerListener.log JVM Version:           13.0.1+9
30-Aug-2023 13:41:39.135 INFO [main] org.apache.catalina.startup.VersionLoggerListener.log JVM Vendor:            Oracle Corporation
30-Aug-2023 13:41:39.135 INFO [main] org.apache.catalina.startup.VersionLoggerListener.log CATALINA_BASE:         /Users/juan/code/skillsoft/java-novice-to-javanista/track-3-javanista/java-web-services-building-rest-apis/server/apache-tomcat-10.1.12
30-Aug-2023 13:41:39.135 INFO [main] org.apache.catalina.startup.VersionLoggerListener.log CATALINA_HOME:         /Users/juan/code/skillsoft/java-novice-to-javanista/track-3-javanista/java-web-services-building-rest-apis/server/apache-tomcat-10.1.12
30-Aug-2023 13:41:39.169 INFO [main] org.apache.catalina.startup.VersionLoggerListener.log Command line argument: -Djava.util.logging.config.file=/Users/juan/code/skillsoft/java-novice-to-javanista/track-3-javanista/java-web-services-building-rest-apis/server/apache-tomcat-10.1.12/conf/logging.properties
30-Aug-2023 13:41:39.169 INFO [main] org.apache.catalina.startup.VersionLoggerListener.log Command line argument: -Djava.util.logging.manager=org.apache.juli.ClassLoaderLogManager
30-Aug-2023 13:41:39.169 INFO [main] org.apache.catalina.startup.VersionLoggerListener.log Command line argument: -Djdk.tls.ephemeralDHKeySize=2048
30-Aug-2023 13:41:39.169 INFO [main] org.apache.catalina.startup.VersionLoggerListener.log Command line argument: -Djava.protocol.handler.pkgs=org.apache.catalina.webresources
30-Aug-2023 13:41:39.169 INFO [main] org.apache.catalina.startup.VersionLoggerListener.log Command line argument: -Dorg.apache.catalina.security.SecurityListener.UMASK=0027
30-Aug-2023 13:41:39.170 INFO [main] org.apache.catalina.startup.VersionLoggerListener.log Command line argument: --add-opens=java.base/java.lang=ALL-UNNAMED
30-Aug-2023 13:41:39.170 INFO [main] org.apache.catalina.startup.VersionLoggerListener.log Command line argument: --add-opens=java.base/java.io=ALL-UNNAMED
30-Aug-2023 13:41:39.170 INFO [main] org.apache.catalina.startup.VersionLoggerListener.log Command line argument: --add-opens=java.base/java.util=ALL-UNNAMED
30-Aug-2023 13:41:39.170 INFO [main] org.apache.catalina.startup.VersionLoggerListener.log Command line argument: --add-opens=java.base/java.util.concurrent=ALL-UNNAMED
30-Aug-2023 13:41:39.170 INFO [main] org.apache.catalina.startup.VersionLoggerListener.log Command line argument: --add-opens=java.rmi/sun.rmi.transport=ALL-UNNAMED
30-Aug-2023 13:41:39.171 INFO [main] org.apache.catalina.startup.VersionLoggerListener.log Command line argument: -Dcatalina.base=/Users/juan/code/skillsoft/java-novice-to-javanista/track-3-javanista/java-web-services-building-rest-apis/server/apache-tomcat-10.1.12
30-Aug-2023 13:41:39.171 INFO [main] org.apache.catalina.startup.VersionLoggerListener.log Command line argument: -Dcatalina.home=/Users/juan/code/skillsoft/java-novice-to-javanista/track-3-javanista/java-web-services-building-rest-apis/server/apache-tomcat-10.1.12
30-Aug-2023 13:41:39.172 INFO [main] org.apache.catalina.startup.VersionLoggerListener.log Command line argument: -Djava.io.tmpdir=/Users/juan/code/skillsoft/java-novice-to-javanista/track-3-javanista/java-web-services-building-rest-apis/server/apache-tomcat-10.1.12/temp
30-Aug-2023 13:41:39.175 INFO [main] org.apache.catalina.core.AprLifecycleListener.lifecycleEvent The Apache Tomcat Native library which allows using OpenSSL was not found on the java.library.path: [/Users/juan/Library/Java/Extensions:/Library/Java/Extensions:/Network/Library/Java/Extensions:/System/Library/Java/Extensions:/usr/lib/java:.]
30-Aug-2023 13:41:39.447 INFO [main] org.apache.coyote.AbstractProtocol.init Initializing ProtocolHandler ["http-nio-8080"]
30-Aug-2023 13:41:39.474 INFO [main] org.apache.catalina.startup.Catalina.load Server initialization in [597] milliseconds
30-Aug-2023 13:41:39.519 INFO [main] org.apache.catalina.core.StandardService.startInternal Starting service [Catalina]
30-Aug-2023 13:41:39.519 INFO [main] org.apache.catalina.core.StandardEngine.startInternal Starting Servlet engine: [Apache Tomcat/10.1.12]
30-Aug-2023 13:41:39.552 INFO [main] org.apache.catalina.startup.HostConfig.deployWAR Deploying web application archive [/Users/juan/code/skillsoft/java-novice-to-javanista/track-3-javanista/java-web-services-building-rest-apis/server/apache-tomcat-10.1.12/webapps/book-store.war]
30-Aug-2023 13:41:41.271 INFO [main] org.apache.jasper.servlet.TldScanner.scanJars At least one JAR was scanned for TLDs yet contained no TLDs. Enable debug logging for this logger for a complete list of JARs that were scanned but no TLDs were found in them. Skipping unneeded JARs during scanning can improve startup time and JSP compilation time.
30-Aug-2023 13:41:43.067 INFO [main] com.sun.xml.ws.transport.http.servlet.WSServletDelegate.<init> WSSERVLET14: JAX-WS servlet initializing
30-Aug-2023 13:41:43.077 INFO [main] com.sun.xml.ws.transport.http.servlet.WSServletContextListener.contextInitialized WSSERVLET12: JAX-WS context listener initializing
30-Aug-2023 13:41:43.078 INFO [main] com.sun.xml.ws.transport.http.servlet.WSServletContextListener.contextInitialized WSSERVLET12: JAX-WS context listener initializing
30-Aug-2023 13:41:43.123 INFO [main] org.apache.catalina.startup.HostConfig.deployWAR Deployment of web application archive [/Users/juan/code/skillsoft/java-novice-to-javanista/track-3-javanista/java-web-services-building-rest-apis/server/apache-tomcat-10.1.12/webapps/book-store.war] has finished in [3,570] ms
30-Aug-2023 13:41:43.124 INFO [main] org.apache.catalina.startup.HostConfig.deployDirectory Deploying web application directory [/Users/juan/code/skillsoft/java-novice-to-javanista/track-3-javanista/java-web-services-building-rest-apis/server/apache-tomcat-10.1.12/webapps/docs]
30-Aug-2023 13:41:43.157 INFO [main] org.apache.catalina.startup.HostConfig.deployDirectory Deployment of web application directory [/Users/juan/code/skillsoft/java-novice-to-javanista/track-3-javanista/java-web-services-building-rest-apis/server/apache-tomcat-10.1.12/webapps/docs] has finished in [32] ms
30-Aug-2023 13:41:43.157 INFO [main] org.apache.catalina.startup.HostConfig.deployDirectory Deploying web application directory [/Users/juan/code/skillsoft/java-novice-to-javanista/track-3-javanista/java-web-services-building-rest-apis/server/apache-tomcat-10.1.12/webapps/manager]
30-Aug-2023 13:41:43.208 INFO [main] org.apache.catalina.startup.HostConfig.deployDirectory Deployment of web application directory [/Users/juan/code/skillsoft/java-novice-to-javanista/track-3-javanista/java-web-services-building-rest-apis/server/apache-tomcat-10.1.12/webapps/manager] has finished in [51] ms
30-Aug-2023 13:41:43.208 INFO [main] org.apache.catalina.startup.HostConfig.deployDirectory Deploying web application directory [/Users/juan/code/skillsoft/java-novice-to-javanista/track-3-javanista/java-web-services-building-rest-apis/server/apache-tomcat-10.1.12/webapps/examples]
30-Aug-2023 13:41:43.492 INFO [main] org.apache.catalina.startup.HostConfig.deployDirectory Deployment of web application directory [/Users/juan/code/skillsoft/java-novice-to-javanista/track-3-javanista/java-web-services-building-rest-apis/server/apache-tomcat-10.1.12/webapps/examples] has finished in [284] ms
30-Aug-2023 13:41:43.493 INFO [main] org.apache.catalina.startup.HostConfig.deployDirectory Deploying web application directory [/Users/juan/code/skillsoft/java-novice-to-javanista/track-3-javanista/java-web-services-building-rest-apis/server/apache-tomcat-10.1.12/webapps/ROOT]
30-Aug-2023 13:41:43.525 INFO [main] org.apache.catalina.startup.HostConfig.deployDirectory Deployment of web application directory [/Users/juan/code/skillsoft/java-novice-to-javanista/track-3-javanista/java-web-services-building-rest-apis/server/apache-tomcat-10.1.12/webapps/ROOT] has finished in [33] ms
30-Aug-2023 13:41:43.525 INFO [main] org.apache.catalina.startup.HostConfig.deployDirectory Deploying web application directory [/Users/juan/code/skillsoft/java-novice-to-javanista/track-3-javanista/java-web-services-building-rest-apis/server/apache-tomcat-10.1.12/webapps/host-manager]
30-Aug-2023 13:41:43.555 INFO [main] org.apache.catalina.startup.HostConfig.deployDirectory Deployment of web application directory [/Users/juan/code/skillsoft/java-novice-to-javanista/track-3-javanista/java-web-services-building-rest-apis/server/apache-tomcat-10.1.12/webapps/host-manager] has finished in [30] ms
30-Aug-2023 13:41:43.562 INFO [main] org.apache.coyote.AbstractProtocol.start Starting ProtocolHandler ["http-nio-8080"]
30-Aug-2023 13:41:43.582 INFO [main] org.apache.catalina.startup.Catalina.start Server startup in [4108] milliseconds
30-Aug-2023 13:50:04.485 INFO [main] org.apache.catalina.startup.VersionLoggerListener.log Server version name:   Apache Tomcat/10.1.12
30-Aug-2023 13:50:04.488 INFO [main] org.apache.catalina.startup.VersionLoggerListener.log Server built:          Aug 8 2023 19:16:13 UTC
30-Aug-2023 13:50:04.489 INFO [main] org.apache.catalina.startup.VersionLoggerListener.log Server version number: 10.1.12.0
30-Aug-2023 13:50:04.489 INFO [main] org.apache.catalina.startup.VersionLoggerListener.log OS Name:               Mac OS X
30-Aug-2023 13:50:04.489 INFO [main] org.apache.catalina.startup.VersionLoggerListener.log OS Version:            10.16
30-Aug-2023 13:50:04.489 INFO [main] org.apache.catalina.startup.VersionLoggerListener.log Architecture:          x86_64
30-Aug-2023 13:50:04.489 INFO [main] org.apache.catalina.startup.VersionLoggerListener.log Java Home:             /Library/Java/JavaVirtualMachines/jdk-13.0.1.jdk/Contents/Home
30-Aug-2023 13:50:04.489 INFO [main] org.apache.catalina.startup.VersionLoggerListener.log JVM Version:           13.0.1+9
30-Aug-2023 13:50:04.489 INFO [main] org.apache.catalina.startup.VersionLoggerListener.log JVM Vendor:            Oracle Corporation
30-Aug-2023 13:50:04.489 INFO [main] org.apache.catalina.startup.VersionLoggerListener.log CATALINA_BASE:         /Users/juan/code/skillsoft/java-novice-to-javanista/track-3-javanista/java-web-services-building-rest-apis/server/apache-tomcat-10.1.12
30-Aug-2023 13:50:04.489 INFO [main] org.apache.catalina.startup.VersionLoggerListener.log CATALINA_HOME:         /Users/juan/code/skillsoft/java-novice-to-javanista/track-3-javanista/java-web-services-building-rest-apis/server/apache-tomcat-10.1.12
30-Aug-2023 13:50:04.502 INFO [main] org.apache.catalina.startup.VersionLoggerListener.log Command line argument: -Djava.util.logging.config.file=/Users/juan/code/skillsoft/java-novice-to-javanista/track-3-javanista/java-web-services-building-rest-apis/server/apache-tomcat-10.1.12/conf/logging.properties
30-Aug-2023 13:50:04.502 INFO [main] org.apache.catalina.startup.VersionLoggerListener.log Command line argument: -Djava.util.logging.manager=org.apache.juli.ClassLoaderLogManager
30-Aug-2023 13:50:04.502 INFO [main] org.apache.catalina.startup.VersionLoggerListener.log Command line argument: -Djdk.tls.ephemeralDHKeySize=2048
30-Aug-2023 13:50:04.502 INFO [main] org.apache.catalina.startup.VersionLoggerListener.log Command line argument: -Djava.protocol.handler.pkgs=org.apache.catalina.webresources
30-Aug-2023 13:50:04.502 INFO [main] org.apache.catalina.startup.VersionLoggerListener.log Command line argument: -Dorg.apache.catalina.security.SecurityListener.UMASK=0027
30-Aug-2023 13:50:04.503 INFO [main] org.apache.catalina.startup.VersionLoggerListener.log Command line argument: --add-opens=java.base/java.lang=ALL-UNNAMED
30-Aug-2023 13:50:04.503 INFO [main] org.apache.catalina.startup.VersionLoggerListener.log Command line argument: --add-opens=java.base/java.io=ALL-UNNAMED
30-Aug-2023 13:50:04.503 INFO [main] org.apache.catalina.startup.VersionLoggerListener.log Command line argument: --add-opens=java.base/java.util=ALL-UNNAMED
30-Aug-2023 13:50:04.503 INFO [main] org.apache.catalina.startup.VersionLoggerListener.log Command line argument: --add-opens=java.base/java.util.concurrent=ALL-UNNAMED
30-Aug-2023 13:50:04.503 INFO [main] org.apache.catalina.startup.VersionLoggerListener.log Command line argument: --add-opens=java.rmi/sun.rmi.transport=ALL-UNNAMED
30-Aug-2023 13:50:04.503 INFO [main] org.apache.catalina.startup.VersionLoggerListener.log Command line argument: -Dcatalina.base=/Users/juan/code/skillsoft/java-novice-to-javanista/track-3-javanista/java-web-services-building-rest-apis/server/apache-tomcat-10.1.12
30-Aug-2023 13:50:04.503 INFO [main] org.apache.catalina.startup.VersionLoggerListener.log Command line argument: -Dcatalina.home=/Users/juan/code/skillsoft/java-novice-to-javanista/track-3-javanista/java-web-services-building-rest-apis/server/apache-tomcat-10.1.12
30-Aug-2023 13:50:04.503 INFO [main] org.apache.catalina.startup.VersionLoggerListener.log Command line argument: -Djava.io.tmpdir=/Users/juan/code/skillsoft/java-novice-to-javanista/track-3-javanista/java-web-services-building-rest-apis/server/apache-tomcat-10.1.12/temp
30-Aug-2023 13:50:04.506 INFO [main] org.apache.catalina.core.AprLifecycleListener.lifecycleEvent The Apache Tomcat Native library which allows using OpenSSL was not found on the java.library.path: [/Users/juan/Library/Java/Extensions:/Library/Java/Extensions:/Network/Library/Java/Extensions:/System/Library/Java/Extensions:/usr/lib/java:.]
30-Aug-2023 13:50:04.740 INFO [main] org.apache.coyote.AbstractProtocol.init Initializing ProtocolHandler ["http-nio-8080"]
30-Aug-2023 13:50:04.763 INFO [main] org.apache.catalina.startup.Catalina.load Server initialization in [478] milliseconds
30-Aug-2023 13:50:04.799 INFO [main] org.apache.catalina.core.StandardService.startInternal Starting service [Catalina]
30-Aug-2023 13:50:04.800 INFO [main] org.apache.catalina.core.StandardEngine.startInternal Starting Servlet engine: [Apache Tomcat/10.1.12]
30-Aug-2023 13:50:04.822 INFO [main] org.apache.catalina.startup.HostConfig.deployWAR Deploying web application archive [/Users/juan/code/skillsoft/java-novice-to-javanista/track-3-javanista/java-web-services-building-rest-apis/server/apache-tomcat-10.1.12/webapps/book-store.war]
30-Aug-2023 13:50:06.006 INFO [main] org.apache.jasper.servlet.TldScanner.scanJars At least one JAR was scanned for TLDs yet contained no TLDs. Enable debug logging for this logger for a complete list of JARs that were scanned but no TLDs were found in them. Skipping unneeded JARs during scanning can improve startup time and JSP compilation time.
30-Aug-2023 13:50:07.456 INFO [main] com.sun.xml.ws.transport.http.servlet.WSServletDelegate.<init> WSSERVLET14: JAX-WS servlet initializing
30-Aug-2023 13:50:07.466 INFO [main] com.sun.xml.ws.transport.http.servlet.WSServletContextListener.contextInitialized WSSERVLET12: JAX-WS context listener initializing
30-Aug-2023 13:50:07.466 INFO [main] com.sun.xml.ws.transport.http.servlet.WSServletContextListener.contextInitialized WSSERVLET12: JAX-WS context listener initializing
30-Aug-2023 13:50:07.500 INFO [main] org.apache.catalina.startup.HostConfig.deployWAR Deployment of web application archive [/Users/juan/code/skillsoft/java-novice-to-javanista/track-3-javanista/java-web-services-building-rest-apis/server/apache-tomcat-10.1.12/webapps/book-store.war] has finished in [2,677] ms
30-Aug-2023 13:50:07.500 INFO [main] org.apache.catalina.startup.HostConfig.deployDirectory Deploying web application directory [/Users/juan/code/skillsoft/java-novice-to-javanista/track-3-javanista/java-web-services-building-rest-apis/server/apache-tomcat-10.1.12/webapps/docs]
30-Aug-2023 13:50:07.528 INFO [main] org.apache.catalina.startup.HostConfig.deployDirectory Deployment of web application directory [/Users/juan/code/skillsoft/java-novice-to-javanista/track-3-javanista/java-web-services-building-rest-apis/server/apache-tomcat-10.1.12/webapps/docs] has finished in [27] ms
30-Aug-2023 13:50:07.528 INFO [main] org.apache.catalina.startup.HostConfig.deployDirectory Deploying web application directory [/Users/juan/code/skillsoft/java-novice-to-javanista/track-3-javanista/java-web-services-building-rest-apis/server/apache-tomcat-10.1.12/webapps/manager]
30-Aug-2023 13:50:07.568 INFO [main] org.apache.catalina.startup.HostConfig.deployDirectory Deployment of web application directory [/Users/juan/code/skillsoft/java-novice-to-javanista/track-3-javanista/java-web-services-building-rest-apis/server/apache-tomcat-10.1.12/webapps/manager] has finished in [39] ms
30-Aug-2023 13:50:07.568 INFO [main] org.apache.catalina.startup.HostConfig.deployDirectory Deploying web application directory [/Users/juan/code/skillsoft/java-novice-to-javanista/track-3-javanista/java-web-services-building-rest-apis/server/apache-tomcat-10.1.12/webapps/examples]
30-Aug-2023 13:50:07.826 INFO [main] org.apache.catalina.startup.HostConfig.deployDirectory Deployment of web application directory [/Users/juan/code/skillsoft/java-novice-to-javanista/track-3-javanista/java-web-services-building-rest-apis/server/apache-tomcat-10.1.12/webapps/examples] has finished in [257] ms
30-Aug-2023 13:50:07.826 INFO [main] org.apache.catalina.startup.HostConfig.deployDirectory Deploying web application directory [/Users/juan/code/skillsoft/java-novice-to-javanista/track-3-javanista/java-web-services-building-rest-apis/server/apache-tomcat-10.1.12/webapps/ROOT]
30-Aug-2023 13:50:07.857 INFO [main] org.apache.catalina.startup.HostConfig.deployDirectory Deployment of web application directory [/Users/juan/code/skillsoft/java-novice-to-javanista/track-3-javanista/java-web-services-building-rest-apis/server/apache-tomcat-10.1.12/webapps/ROOT] has finished in [31] ms
30-Aug-2023 13:50:07.857 INFO [main] org.apache.catalina.startup.HostConfig.deployDirectory Deploying web application directory [/Users/juan/code/skillsoft/java-novice-to-javanista/track-3-javanista/java-web-services-building-rest-apis/server/apache-tomcat-10.1.12/webapps/host-manager]
30-Aug-2023 13:50:07.879 INFO [main] org.apache.catalina.startup.HostConfig.deployDirectory Deployment of web application directory [/Users/juan/code/skillsoft/java-novice-to-javanista/track-3-javanista/java-web-services-building-rest-apis/server/apache-tomcat-10.1.12/webapps/host-manager] has finished in [21] ms
30-Aug-2023 13:50:07.884 INFO [main] org.apache.coyote.AbstractProtocol.start Starting ProtocolHandler ["http-nio-8080"]
30-Aug-2023 13:50:07.899 INFO [main] org.apache.catalina.startup.Catalina.start Server startup in [3136] milliseconds
